
Started POST /usuarios for :: ::ffff:127.0.0.1 at Sun Jan 28 2024 17:31:31 GMT-0300 (Chile Summer Time)
  Parameters in body: {"email":"yeli@gmail.com","password":"123456","rol":"Frontend Developer","lenguage":"Ruby"}
Completed: 201 message:  Time response: 667 ms Request ID: [cc98caec-b9fe-4b44-8b56-e546e7547a98]

Started POST /login for :: ::ffff:127.0.0.1 at Sun Jan 28 2024 17:32:22 GMT-0300 (Chile Summer Time)
  Parameters in body: {"email":"yeli@gmail.com","password":"123456"}
Completed: 200 message:  Time response: 463 ms Request ID: [bc1352e1-bd38-4e03-9b44-4950422252ec]

Started GET /usuarios for :: ::ffff:127.0.0.1 at Sun Jan 28 2024 17:33:12 GMT-0300 (Chile Summer Time)
  Parameters in body: {}
Completed: 200 message:  Time response: 181 ms Request ID: [f933fcf3-62ae-4bfa-8ace-5419ea07a08d]

Started GET /usuarios for :: ::ffff:127.0.0.1 at Sun Jan 28 2024 17:33:24 GMT-0300 (Chile Summer Time)
  Parameters in body: {}
Completed: 401 message:  Time response: 11 ms Request ID: [c6f0682b-ee80-4964-911c-ebee0de15cf7]

Started GET /usuarios for :: ::ffff:127.0.0.1 at Sun Jan 28 2024 17:33:33 GMT-0300 (Chile Summer Time)
  Parameters in body: {}
Completed: 401 message:  Time response: 11 ms Request ID: [84217e07-8155-4337-99c8-56c8339ba05e]

Started GET /usuarios for :: ::ffff:127.0.0.1 at Sun Jan 28 2024 17:33:40 GMT-0300 (Chile Summer Time)
  Parameters in body: {}
Completed: 200 message:  Time response: 203 ms Request ID: [4a76420a-49d5-4b8f-975a-0154bcfcca15]

Started POST /usuarios for :: ::1 at Sun Jan 28 2024 17:34:29 GMT-0300 (Chile Summer Time)
  Parameters in body: {"email":"milagro@gmail.com","password":"123456","rol":"Frontend Developer","lenguage":"Ruby"}
Completed: 201 message:  Time response: 331 ms Request ID: [b7c2fe65-6a5a-479c-be7f-39aeefc3bc64]

Started POST /login for :: ::1 at Sun Jan 28 2024 17:34:53 GMT-0300 (Chile Summer Time)
  Parameters in body: {"email":"milagro@gmail.com","password":"123456"}
Completed: 200 message:  Time response: 398 ms Request ID: [ec170322-9608-49f1-9900-95fca85c0429]

Started GET /usuarios for :: ::1 at Sun Jan 28 2024 17:34:58 GMT-0300 (Chile Summer Time)
  Parameters in body: {}
Completed: 200 message:  Time response: 29 ms Request ID: [d9b025ea-360f-44e3-a446-00aba2f67b69]

Started GET /usuarios for :: ::1 at Sun Jan 28 2024 17:34:58 GMT-0300 (Chile Summer Time)
  Parameters in body: {}
Completed: 304 message:  Time response: 26 ms Request ID: [2ba37db1-eb85-42f6-9e6d-8347817f7c1f]
